app/build/intermediates/manifest_merge_blame_file/debug/manifest-merger-blame-debug-report.txt
1<?xml version="1.0" encoding="utf-8"?>
2<manifest xmlns:android="http://schemas.android.com/apk/res/android"
3    package="zhook.aohoc.bridge.platform.andr"
4    android:compileSdkVersion="23"
5    android:compileSdkVersionCodename="6.0-2438415"
6    android:versionCode="70"
7    android:versionName="0.70" >
8
9    <uses-sdk
10        android:minSdkVersion="19"
10-->src/main/AndroidManifest.xml
11        android:targetSdkVersion="33" />
11-->src/main/AndroidManifest.xml
12
13    <uses-permission android:name="android.permission.READ_PHONE_STATE" />
13-->src/main/AndroidManifest.xml:11:5-74
13-->src/main/AndroidManifest.xml:11:22-72
14    <uses-permission android:name="android.permission.INTERNET" />
14-->src/main/AndroidManifest.xml:12:5-66
14-->src/main/AndroidManifest.xml:12:22-64
15    <uses-permission android:name="android.permission.READ_EXTERNAL_STORAGE" />
15-->src/main/AndroidManifest.xml:13:5-80
15-->src/main/AndroidManifest.xml:13:22-77
16    <!-- <uses-permission android:name="android.permission.WRITE_EXTERNAL_STORAGE" -->
17    <!-- android:maxSdkVersion="28" /> -->
18    <uses-permission android:name="android.permission.MANAGE_EXTERNAL_STORAGE" />
18-->src/main/AndroidManifest.xml:16:5-82
18-->src/main/AndroidManifest.xml:16:22-79
19
20    <permission
20-->[androidx.core:core:1.9.0] AndroidManifest.xml:22:5-24:47
21        android:name="zhook.aohoc.bridge.platform.andr.DYNAMIC_RECEIVER_NOT_EXPORTED_PERMISSION"
21-->[androidx.core:core:1.9.0] AndroidManifest.xml:23:9-81
22        android:protectionLevel="signature" />
22-->[androidx.core:core:1.9.0] AndroidManifest.xml:24:9-44
23
24    <uses-permission android:name="zhook.aohoc.bridge.platform.andr.DYNAMIC_RECEIVER_NOT_EXPORTED_PERMISSION" />
24-->[androidx.core:core:1.9.0] AndroidManifest.xml:26:5-97
24-->[androidx.core:core:1.9.0] AndroidManifest.xml:26:22-94
25
26    <application
26-->src/main/AndroidManifest.xml:2:5-10:19
27        android:appComponentFactory="androidx.core.app.CoreComponentFactory"
27-->[androidx.core:core:1.9.0] AndroidManifest.xml:28:18-86
28        android:debuggable="true"
29        android:hardwareAccelerated="false"
29-->src/main/AndroidManifest.xml:2:18-53
30        android:icon="@drawable/icon"
30-->src/main/AndroidManifest.xml:2:54-83
31        android:label="@string/app_name"
31-->src/main/AndroidManifest.xml:2:84-116
32        android:testOnly="true" >
33        <activity
33-->src/main/AndroidManifest.xml:3:9-9:20
34            android:name="zhook.aohoc.bridge.platform.andr.MainActivity"
34-->src/main/AndroidManifest.xml:3:135-195
35            android:configChanges="keyboardHidden|orientation"
35-->src/main/AndroidManifest.xml:3:19-69
36            android:exported="true"
36-->src/main/AndroidManifest.xml:4:19-42
37            android:label="@string/app_name"
37-->src/main/AndroidManifest.xml:3:70-102
38            android:launchMode="singleTask"
38-->src/main/AndroidManifest.xml:3:103-134
39            android:screenOrientation="portrait" >
39-->src/main/AndroidManifest.xml:3:196-232
40            <intent-filter>
40-->src/main/AndroidManifest.xml:5:13-8:29
41                <action android:name="android.intent.action.MAIN" />
41-->src/main/AndroidManifest.xml:6:17-68
41-->src/main/AndroidManifest.xml:6:25-66
42
43                <category android:name="android.intent.category.LAUNCHER" />
43-->src/main/AndroidManifest.xml:7:17-76
43-->src/main/AndroidManifest.xml:7:27-74
44            </intent-filter>
45        </activity>
46
47        <provider
47-->[androidx.emoji2:emoji2:1.2.0] AndroidManifest.xml:24:9-32:20
48            android:name="androidx.startup.InitializationProvider"
48-->[androidx.emoji2:emoji2:1.2.0] AndroidManifest.xml:25:13-67
49            android:authorities="zhook.aohoc.bridge.platform.andr.androidx-startup"
49-->[androidx.emoji2:emoji2:1.2.0] AndroidManifest.xml:26:13-68
50            android:exported="false" >
50-->[androidx.emoji2:emoji2:1.2.0] AndroidManifest.xml:27:13-37
51            <meta-data
51-->[androidx.emoji2:emoji2:1.2.0] AndroidManifest.xml:29:13-31:52
52                android:name="androidx.emoji2.text.EmojiCompatInitializer"
52-->[androidx.emoji2:emoji2:1.2.0] AndroidManifest.xml:30:17-75
53                android:value="androidx.startup" />
53-->[androidx.emoji2:emoji2:1.2.0] AndroidManifest.xml:31:17-49
54            <meta-data
54-->[androidx.lifecycle:lifecycle-process:2.4.1] AndroidManifest.xml:31:13-33:52
55                android:name="androidx.lifecycle.ProcessLifecycleInitializer"
55-->[androidx.lifecycle:lifecycle-process:2.4.1] AndroidManifest.xml:32:17-78
56                android:value="androidx.startup" />
56-->[androidx.lifecycle:lifecycle-process:2.4.1] AndroidManifest.xml:33:17-49
57        </provider>
58
59        <uses-library
59-->[androidx.window:window:1.0.0] AndroidManifest.xml:25:9-27:40
60            android:name="androidx.window.extensions"
60-->[androidx.window:window:1.0.0] AndroidManifest.xml:26:13-54
61            android:required="false" />
61-->[androidx.window:window:1.0.0] AndroidManifest.xml:27:13-37
62        <uses-library
62-->[androidx.window:window:1.0.0] AndroidManifest.xml:28:9-30:40
63            android:name="androidx.window.sidecar"
63-->[androidx.window:window:1.0.0] AndroidManifest.xml:29:13-51
64            android:required="false" />
64-->[androidx.window:window:1.0.0] AndroidManifest.xml:30:13-37
65    </application>
66
67</manifest>